<?xml version="1.0" encoding="UTF-8"?>
<testsuite name="InventoryWrapperTest" tests="4" skipped="0" failures="0" errors="0" timestamp="2021-11-25T01:46:57" hostname="Samuels-MacBook-Pro.local" time="0.055">
  <properties/>
  <testcase name="clearList()" classname="InventoryWrapperTest" time="0.037"/>
  <testcase name="addItem()" classname="InventoryWrapperTest" time="0.003"/>
  <testcase name="inventoryCapacity()" classname="InventoryWrapperTest" time="0.011"/>
  <testcase name="removeItem()" classname="InventoryWrapperTest" time="0.001"/>
  <system-out><![CDATA[]]></system-out>
  <system-err><![CDATA[]]></system-err>
</testsuite>
